{"/Users/ananya/Documents/Learnings/Coding/Eko_Delivery/my-app/src/App.js": {"path":"/Users/ananya/Documents/Learnings/Coding/Eko_Delivery/my-app/src/App.js","statementMap":{"0":{"start":{"line":9,"column":2},"end":{"line":13,"column":4}}},"fnMap":{"0":{"name":"App","decl":{"start":{"line":7,"column":9},"end":{"line":7,"column":12}},"loc":{"start":{"line":7,"column":15},"end":{"line":14,"column":1}},"line":7}},"branchMap":{},"s":{"0":1},"f":{"0":1},"b":{},"_coverageSchema":"43e27e138ebf9cfc5966b082cf9a028302ed4184","hash":"3c72c3eff058b15412786ba7b9abe82c49e3a089"}
,"/Users/ananya/Documents/Learnings/Coding/Eko_Delivery/my-app/src/index.js": {"path":"/Users/ananya/Documents/Learnings/Coding/Eko_Delivery/my-app/src/index.js","statementMap":{"0":{"start":{"line":8,"column":0},"end":{"line":8,"column":58}},"1":{"start":{"line":13,"column":0},"end":{"line":13,"column":27}}},"fnMap":{},"branchMap":{},"s":{"0":0,"1":0},"f":{},"b":{},"hash":"f77e9f337f234e6682179cd61d649f59caf210ae"}
,"/Users/ananya/Documents/Learnings/Coding/Eko_Delivery/my-app/src/components/DeliveryCost/DeliveryCost.js": {"path":"/Users/ananya/Documents/Learnings/Coding/Eko_Delivery/my-app/src/components/DeliveryCost/DeliveryCost.js","statementMap":{"0":{"start":{"line":11,"column":8},"end":{"line":11,"column":21}},"1":{"start":{"line":12,"column":8},"end":{"line":18,"column":9}},"2":{"start":{"line":19,"column":8},"end":{"line":19,"column":43}},"3":{"start":{"line":23,"column":18},"end":{"line":23,"column":20}},"4":{"start":{"line":25,"column":8},"end":{"line":30,"column":11}},"5":{"start":{"line":26,"column":24},"end":{"line":26,"column":44}},"6":{"start":{"line":27,"column":23},"end":{"line":27,"column":40}},"7":{"start":{"line":28,"column":12},"end":{"line":28,"column":38}},"8":{"start":{"line":29,"column":12},"end":{"line":29,"column":23}},"9":{"start":{"line":31,"column":8},"end":{"line":31,"column":44}},"10":{"start":{"line":32,"column":8},"end":{"line":32,"column":44}},"11":{"start":{"line":36,"column":24},"end":{"line":36,"column":26}},"12":{"start":{"line":37,"column":19},"end":{"line":37,"column":20}},"13":{"start":{"line":38,"column":25},"end":{"line":38,"column":45}},"14":{"start":{"line":39,"column":8},"end":{"line":39,"column":60}},"15":{"start":{"line":41,"column":8},"end":{"line":62,"column":9}},"16":{"start":{"line":42,"column":12},"end":{"line":42,"column":47}},"17":{"start":{"line":43,"column":12},"end":{"line":53,"column":13}},"18":{"start":{"line":43,"column":25},"end":{"line":43,"column":26}},"19":{"start":{"line":44,"column":29},"end":{"line":44,"column":31}},"20":{"start":{"line":45,"column":16},"end":{"line":45,"column":73}},"21":{"start":{"line":46,"column":16},"end":{"line":46,"column":39}},"22":{"start":{"line":47,"column":16},"end":{"line":47,"column":61}},"23":{"start":{"line":48,"column":16},"end":{"line":48,"column":56}},"24":{"start":{"line":49,"column":16},"end":{"line":51,"column":17}},"25":{"start":{"line":50,"column":20},"end":{"line":50,"column":43}},"26":{"start":{"line":52,"column":16},"end":{"line":52,"column":51}},"27":{"start":{"line":54,"column":15},"end":{"line":62,"column":9}},"28":{"start":{"line":55,"column":12},"end":{"line":55,"column":43}},"29":{"start":{"line":56,"column":12},"end":{"line":56,"column":46}},"30":{"start":{"line":57,"column":12},"end":{"line":57,"column":91}},"31":{"start":{"line":59,"column":12},"end":{"line":59,"column":46}},"32":{"start":{"line":60,"column":12},"end":{"line":60,"column":43}},"33":{"start":{"line":64,"column":8},"end":{"line":64,"column":20}},"34":{"start":{"line":68,"column":8},"end":{"line":93,"column":9}},"35":{"start":{"line":74,"column":144},"end":{"line":74,"column":170}}},"fnMap":{"0":{"name":"(anonymous_0)","decl":{"start":{"line":10,"column":4},"end":{"line":10,"column":5}},"loc":{"start":{"line":10,"column":23},"end":{"line":20,"column":5}},"line":10},"1":{"name":"(anonymous_1)","decl":{"start":{"line":22,"column":4},"end":{"line":22,"column":5}},"loc":{"start":{"line":22,"column":24},"end":{"line":33,"column":5}},"line":22},"2":{"name":"(anonymous_2)","decl":{"start":{"line":25,"column":26},"end":{"line":25,"column":27}},"loc":{"start":{"line":25,"column":36},"end":{"line":30,"column":9}},"line":25},"3":{"name":"(anonymous_3)","decl":{"start":{"line":35,"column":4},"end":{"line":35,"column":5}},"loc":{"start":{"line":35,"column":15},"end":{"line":65,"column":5}},"line":35},"4":{"name":"(anonymous_4)","decl":{"start":{"line":67,"column":4},"end":{"line":67,"column":5}},"loc":{"start":{"line":67,"column":13},"end":{"line":94,"column":5}},"line":67},"5":{"name":"(anonymous_5)","decl":{"start":{"line":74,"column":127},"end":{"line":74,"column":128}},"loc":{"start":{"line":74,"column":142},"end":{"line":74,"column":172}},"line":74}},"branchMap":{"0":{"loc":{"start":{"line":39,"column":21},"end":{"line":39,"column":59}},"type":"binary-expr","locations":[{"start":{"line":39,"column":21},"end":{"line":39,"column":31}},{"start":{"line":39,"column":35},"end":{"line":39,"column":59}}],"line":39},"1":{"loc":{"start":{"line":41,"column":8},"end":{"line":62,"column":9}},"type":"if","locations":[{"start":{"line":41,"column":8},"end":{"line":62,"column":9}},{"start":{"line":41,"column":8},"end":{"line":62,"column":9}}],"line":41},"2":{"loc":{"start":{"line":41,"column":12},"end":{"line":41,"column":47}},"type":"binary-expr","locations":[{"start":{"line":41,"column":12},"end":{"line":41,"column":22}},{"start":{"line":41,"column":26},"end":{"line":41,"column":47}}],"line":41},"3":{"loc":{"start":{"line":49,"column":16},"end":{"line":51,"column":17}},"type":"if","locations":[{"start":{"line":49,"column":16},"end":{"line":51,"column":17}},{"start":{"line":49,"column":16},"end":{"line":51,"column":17}}],"line":49},"4":{"loc":{"start":{"line":54,"column":15},"end":{"line":62,"column":9}},"type":"if","locations":[{"start":{"line":54,"column":15},"end":{"line":62,"column":9}},{"start":{"line":54,"column":15},"end":{"line":62,"column":9}}],"line":54},"5":{"loc":{"start":{"line":54,"column":19},"end":{"line":54,"column":56}},"type":"binary-expr","locations":[{"start":{"line":54,"column":19},"end":{"line":54,"column":29}},{"start":{"line":54,"column":33},"end":{"line":54,"column":56}}],"line":54},"6":{"loc":{"start":{"line":77,"column":21},"end":{"line":77,"column":103}},"type":"binary-expr","locations":[{"start":{"line":77,"column":21},"end":{"line":77,"column":41}},{"start":{"line":77,"column":45},"end":{"line":77,"column":103}}],"line":77},"7":{"loc":{"start":{"line":90,"column":21},"end":{"line":90,"column":149}},"type":"binary-expr","locations":[{"start":{"line":90,"column":21},"end":{"line":90,"column":47}},{"start":{"line":90,"column":51},"end":{"line":90,"column":149}}],"line":90}},"s":{"0":4,"1":4,"2":4,"3":4,"4":4,"5":40,"6":40,"7":40,"8":40,"9":4,"10":4,"11":2,"12":2,"13":2,"14":2,"15":2,"16":0,"17":0,"18":0,"19":0,"20":0,"21":0,"22":0,"23":0,"24":0,"25":0,"26":0,"27":2,"28":0,"29":0,"30":0,"31":2,"32":2,"33":2,"34":16,"35":0},"f":{"0":4,"1":4,"2":40,"3":2,"4":16,"5":0},"b":{"0":[2,0],"1":[0,2],"2":[2,0],"3":[0,0],"4":[0,2],"5":[2,0],"6":[16,4],"7":[16,0]},"_coverageSchema":"43e27e138ebf9cfc5966b082cf9a028302ed4184","hash":"71be3034cf4172b57ec92061cc3df981e46d78cb"}
,"/Users/ananya/Documents/Learnings/Coding/Eko_Delivery/my-app/src/components/Lobby/Lobby.js": {"path":"/Users/ananya/Documents/Learnings/Coding/Eko_Delivery/my-app/src/components/Lobby/Lobby.js","statementMap":{"0":{"start":{"line":9,"column":8},"end":{"line":9,"column":21}},"1":{"start":{"line":10,"column":12},"end":{"line":14,"column":13}},"2":{"start":{"line":15,"column":8},"end":{"line":15,"column":55}},"3":{"start":{"line":19,"column":8},"end":{"line":25,"column":9}},"4":{"start":{"line":20,"column":12},"end":{"line":20,"column":54}},"5":{"start":{"line":21,"column":12},"end":{"line":21,"column":57}},"6":{"start":{"line":22,"column":14},"end":{"line":25,"column":9}},"7":{"start":{"line":23,"column":12},"end":{"line":23,"column":56}},"8":{"start":{"line":24,"column":12},"end":{"line":24,"column":55}},"9":{"start":{"line":29,"column":8},"end":{"line":64,"column":9}}},"fnMap":{"0":{"name":"(anonymous_0)","decl":{"start":{"line":8,"column":4},"end":{"line":8,"column":5}},"loc":{"start":{"line":8,"column":23},"end":{"line":16,"column":5}},"line":8},"1":{"name":"(anonymous_1)","decl":{"start":{"line":18,"column":4},"end":{"line":18,"column":5}},"loc":{"start":{"line":18,"column":21},"end":{"line":26,"column":5}},"line":18},"2":{"name":"(anonymous_2)","decl":{"start":{"line":28,"column":4},"end":{"line":28,"column":5}},"loc":{"start":{"line":28,"column":13},"end":{"line":65,"column":5}},"line":28}},"branchMap":{"0":{"loc":{"start":{"line":19,"column":8},"end":{"line":25,"column":9}},"type":"if","locations":[{"start":{"line":19,"column":8},"end":{"line":25,"column":9}},{"start":{"line":19,"column":8},"end":{"line":25,"column":9}}],"line":19},"1":{"loc":{"start":{"line":22,"column":14},"end":{"line":25,"column":9}},"type":"if","locations":[{"start":{"line":22,"column":14},"end":{"line":25,"column":9}},{"start":{"line":22,"column":14},"end":{"line":25,"column":9}}],"line":22},"2":{"loc":{"start":{"line":59,"column":25},"end":{"line":59,"column":72}},"type":"binary-expr","locations":[{"start":{"line":59,"column":25},"end":{"line":59,"column":52}},{"start":{"line":59,"column":56},"end":{"line":59,"column":72}}],"line":59},"3":{"loc":{"start":{"line":60,"column":25},"end":{"line":60,"column":75}},"type":"binary-expr","locations":[{"start":{"line":60,"column":25},"end":{"line":60,"column":54}},{"start":{"line":60,"column":58},"end":{"line":60,"column":75}}],"line":60}},"s":{"0":0,"1":0,"2":0,"3":0,"4":0,"5":0,"6":0,"7":0,"8":0,"9":0},"f":{"0":0,"1":0,"2":0},"b":{"0":[0,0],"1":[0,0],"2":[0,0],"3":[0,0]},"_coverageSchema":"43e27e138ebf9cfc5966b082cf9a028302ed4184","hash":"7fe9f2d6ed59424d058ab9abf93c3ae7b0345324"}
,"/Users/ananya/Documents/Learnings/Coding/Eko_Delivery/my-app/src/components/PossibleRoutes/PossibleRoutes.js": {"path":"/Users/ananya/Documents/Learnings/Coding/Eko_Delivery/my-app/src/components/PossibleRoutes/PossibleRoutes.js","statementMap":{"0":{"start":{"line":12,"column":8},"end":{"line":12,"column":21}},"1":{"start":{"line":13,"column":8},"end":{"line":21,"column":9}},"2":{"start":{"line":22,"column":8},"end":{"line":22,"column":42}},"3":{"start":{"line":23,"column":8},"end":{"line":23,"column":43}},"4":{"start":{"line":24,"column":8},"end":{"line":24,"column":65}},"5":{"start":{"line":25,"column":8},"end":{"line":25,"column":51}},"6":{"start":{"line":26,"column":8},"end":{"line":26,"column":65}},"7":{"start":{"line":27,"column":8},"end":{"line":27,"column":69}},"8":{"start":{"line":32,"column":8},"end":{"line":32,"column":52}},"9":{"start":{"line":34,"column":23},"end":{"line":34,"column":79}},"10":{"start":{"line":35,"column":24},"end":{"line":35,"column":82}},"11":{"start":{"line":36,"column":29},"end":{"line":36,"column":56}},"12":{"start":{"line":37,"column":27},"end":{"line":37,"column":55}},"13":{"start":{"line":39,"column":8},"end":{"line":77,"column":9}},"14":{"start":{"line":40,"column":12},"end":{"line":40,"column":46}},"15":{"start":{"line":41,"column":12},"end":{"line":41,"column":56}},"16":{"start":{"line":42,"column":12},"end":{"line":42,"column":80}},"17":{"start":{"line":43,"column":14},"end":{"line":77,"column":9}},"18":{"start":{"line":44,"column":12},"end":{"line":44,"column":47}},"19":{"start":{"line":45,"column":12},"end":{"line":45,"column":56}},"20":{"start":{"line":46,"column":12},"end":{"line":46,"column":91}},"21":{"start":{"line":48,"column":25},"end":{"line":48,"column":74}},"22":{"start":{"line":49,"column":12},"end":{"line":76,"column":13}},"23":{"start":{"line":50,"column":34},"end":{"line":50,"column":51}},"24":{"start":{"line":51,"column":46},"end":{"line":51,"column":48}},"25":{"start":{"line":52,"column":48},"end":{"line":52,"column":50}},"26":{"start":{"line":53,"column":16},"end":{"line":53,"column":53}},"27":{"start":{"line":54,"column":16},"end":{"line":54,"column":52}},"28":{"start":{"line":56,"column":16},"end":{"line":69,"column":19}},"29":{"start":{"line":57,"column":41},"end":{"line":57,"column":57}},"30":{"start":{"line":58,"column":20},"end":{"line":58,"column":48}},"31":{"start":{"line":59,"column":20},"end":{"line":67,"column":21}},"32":{"start":{"line":60,"column":51},"end":{"line":60,"column":82}},"33":{"start":{"line":61,"column":24},"end":{"line":61,"column":73}},"34":{"start":{"line":62,"column":24},"end":{"line":62,"column":89}},"35":{"start":{"line":64,"column":44},"end":{"line":64,"column":75}},"36":{"start":{"line":65,"column":24},"end":{"line":65,"column":64}},"37":{"start":{"line":66,"column":24},"end":{"line":66,"column":87}},"38":{"start":{"line":68,"column":20},"end":{"line":68,"column":40}},"39":{"start":{"line":70,"column":16},"end":{"line":70,"column":49}},"40":{"start":{"line":72,"column":16},"end":{"line":72,"column":60}},"41":{"start":{"line":73,"column":16},"end":{"line":73,"column":60}},"42":{"start":{"line":74,"column":16},"end":{"line":74,"column":51}},"43":{"start":{"line":82,"column":27},"end":{"line":82,"column":29}},"44":{"start":{"line":83,"column":8},"end":{"line":106,"column":10}},"45":{"start":{"line":85,"column":12},"end":{"line":85,"column":35}},"46":{"start":{"line":86,"column":24},"end":{"line":86,"column":31}},"47":{"start":{"line":87,"column":24},"end":{"line":87,"column":31}},"48":{"start":{"line":88,"column":28},"end":{"line":88,"column":29}},"49":{"start":{"line":90,"column":12},"end":{"line":90,"column":37}},"50":{"start":{"line":91,"column":12},"end":{"line":93,"column":13}},"51":{"start":{"line":91,"column":25},"end":{"line":91,"column":26}},"52":{"start":{"line":92,"column":16},"end":{"line":92,"column":46}},"53":{"start":{"line":95,"column":31},"end":{"line":95,"column":67}},"54":{"start":{"line":96,"column":12},"end":{"line":96,"column":44}},"55":{"start":{"line":99,"column":12},"end":{"line":101,"column":15}},"56":{"start":{"line":100,"column":16},"end":{"line":100,"column":39}},"57":{"start":{"line":103,"column":12},"end":{"line":103,"column":61}},"58":{"start":{"line":104,"column":12},"end":{"line":104,"column":32}},"59":{"start":{"line":111,"column":8},"end":{"line":111,"column":51}},"60":{"start":{"line":116,"column":21},"end":{"line":116,"column":23}},"61":{"start":{"line":117,"column":8},"end":{"line":125,"column":9}},"62":{"start":{"line":117,"column":21},"end":{"line":117,"column":22}},"63":{"start":{"line":118,"column":22},"end":{"line":118,"column":24}},"64":{"start":{"line":119,"column":12},"end":{"line":121,"column":13}},"65":{"start":{"line":120,"column":16},"end":{"line":120,"column":25}},"66":{"start":{"line":123,"column":25},"end":{"line":123,"column":37}},"67":{"start":{"line":124,"column":12},"end":{"line":124,"column":37}},"68":{"start":{"line":126,"column":8},"end":{"line":126,"column":22}},"69":{"start":{"line":130,"column":27},"end":{"line":130,"column":29}},"70":{"start":{"line":131,"column":8},"end":{"line":135,"column":9}},"71":{"start":{"line":132,"column":12},"end":{"line":134,"column":14}},"72":{"start":{"line":133,"column":16},"end":{"line":133,"column":86}},"73":{"start":{"line":138,"column":8},"end":{"line":205,"column":9}},"74":{"start":{"line":144,"column":112},"end":{"line":144,"column":136}},"75":{"start":{"line":151,"column":118},"end":{"line":151,"column":144}}},"fnMap":{"0":{"name":"(anonymous_0)","decl":{"start":{"line":11,"column":4},"end":{"line":11,"column":5}},"loc":{"start":{"line":11,"column":23},"end":{"line":28,"column":5}},"line":11},"1":{"name":"(anonymous_1)","decl":{"start":{"line":31,"column":4},"end":{"line":31,"column":5}},"loc":{"start":{"line":31,"column":31},"end":{"line":78,"column":5}},"line":31},"2":{"name":"(anonymous_2)","decl":{"start":{"line":56,"column":30},"end":{"line":56,"column":31}},"loc":{"start":{"line":56,"column":44},"end":{"line":69,"column":17}},"line":56},"3":{"name":"(anonymous_3)","decl":{"start":{"line":81,"column":4},"end":{"line":81,"column":5}},"loc":{"start":{"line":81,"column":29},"end":{"line":108,"column":5}},"line":81},"4":{"name":"(anonymous_4)","decl":{"start":{"line":83,"column":19},"end":{"line":83,"column":20}},"loc":{"start":{"line":83,"column":29},"end":{"line":106,"column":9}},"line":83},"5":{"name":"(anonymous_5)","decl":{"start":{"line":99,"column":30},"end":{"line":99,"column":31}},"loc":{"start":{"line":99,"column":46},"end":{"line":101,"column":13}},"line":99},"6":{"name":"(anonymous_6)","decl":{"start":{"line":110,"column":4},"end":{"line":110,"column":5}},"loc":{"start":{"line":110,"column":25},"end":{"line":112,"column":5}},"line":110},"7":{"name":"(anonymous_7)","decl":{"start":{"line":115,"column":4},"end":{"line":115,"column":5}},"loc":{"start":{"line":115,"column":19},"end":{"line":127,"column":5}},"line":115},"8":{"name":"(anonymous_8)","decl":{"start":{"line":129,"column":4},"end":{"line":129,"column":5}},"loc":{"start":{"line":129,"column":13},"end":{"line":206,"column":5}},"line":129},"9":{"name":"(anonymous_9)","decl":{"start":{"line":132,"column":64},"end":{"line":132,"column":65}},"loc":{"start":{"line":132,"column":82},"end":{"line":134,"column":13}},"line":132},"10":{"name":"(anonymous_10)","decl":{"start":{"line":144,"column":98},"end":{"line":144,"column":99}},"loc":{"start":{"line":144,"column":112},"end":{"line":144,"column":136}},"line":144},"11":{"name":"(anonymous_11)","decl":{"start":{"line":151,"column":103},"end":{"line":151,"column":104}},"loc":{"start":{"line":151,"column":118},"end":{"line":151,"column":144}},"line":151}},"branchMap":{"0":{"loc":{"start":{"line":34,"column":23},"end":{"line":34,"column":79}},"type":"binary-expr","locations":[{"start":{"line":34,"column":23},"end":{"line":34,"column":42}},{"start":{"line":34,"column":46},"end":{"line":34,"column":79}}],"line":34},"1":{"loc":{"start":{"line":35,"column":24},"end":{"line":35,"column":82}},"type":"binary-expr","locations":[{"start":{"line":35,"column":24},"end":{"line":35,"column":44}},{"start":{"line":35,"column":48},"end":{"line":35,"column":82}}],"line":35},"2":{"loc":{"start":{"line":39,"column":8},"end":{"line":77,"column":9}},"type":"if","locations":[{"start":{"line":39,"column":8},"end":{"line":77,"column":9}},{"start":{"line":39,"column":8},"end":{"line":77,"column":9}}],"line":39},"3":{"loc":{"start":{"line":39,"column":12},"end":{"line":39,"column":88}},"type":"binary-expr","locations":[{"start":{"line":39,"column":13},"end":{"line":39,"column":21}},{"start":{"line":39,"column":25},"end":{"line":39,"column":46}},{"start":{"line":39,"column":52},"end":{"line":39,"column":61}},{"start":{"line":39,"column":65},"end":{"line":39,"column":87}}],"line":39},"4":{"loc":{"start":{"line":43,"column":14},"end":{"line":77,"column":9}},"type":"if","locations":[{"start":{"line":43,"column":14},"end":{"line":77,"column":9}},{"start":{"line":43,"column":14},"end":{"line":77,"column":9}}],"line":43},"5":{"loc":{"start":{"line":43,"column":18},"end":{"line":43,"column":46}},"type":"binary-expr","locations":[{"start":{"line":43,"column":18},"end":{"line":43,"column":31}},{"start":{"line":43,"column":35},"end":{"line":43,"column":46}}],"line":43},"6":{"loc":{"start":{"line":49,"column":12},"end":{"line":76,"column":13}},"type":"if","locations":[{"start":{"line":49,"column":12},"end":{"line":76,"column":13}},{"start":{"line":49,"column":12},"end":{"line":76,"column":13}}],"line":49},"7":{"loc":{"start":{"line":59,"column":20},"end":{"line":67,"column":21}},"type":"if","locations":[{"start":{"line":59,"column":20},"end":{"line":67,"column":21}},{"start":{"line":59,"column":20},"end":{"line":67,"column":21}}],"line":59},"8":{"loc":{"start":{"line":59,"column":24},"end":{"line":59,"column":69}},"type":"binary-expr","locations":[{"start":{"line":59,"column":24},"end":{"line":59,"column":38}},{"start":{"line":59,"column":42},"end":{"line":59,"column":69}}],"line":59},"9":{"loc":{"start":{"line":119,"column":12},"end":{"line":121,"column":13}},"type":"if","locations":[{"start":{"line":119,"column":12},"end":{"line":121,"column":13}},{"start":{"line":119,"column":12},"end":{"line":121,"column":13}}],"line":119},"10":{"loc":{"start":{"line":131,"column":8},"end":{"line":135,"column":9}},"type":"if","locations":[{"start":{"line":131,"column":8},"end":{"line":135,"column":9}},{"start":{"line":131,"column":8},"end":{"line":135,"column":9}}],"line":131},"11":{"loc":{"start":{"line":156,"column":21},"end":{"line":156,"column":111}},"type":"binary-expr","locations":[{"start":{"line":156,"column":21},"end":{"line":156,"column":41}},{"start":{"line":156,"column":45},"end":{"line":156,"column":111}}],"line":156},"12":{"loc":{"start":{"line":176,"column":21},"end":{"line":192,"column":26}},"type":"binary-expr","locations":[{"start":{"line":176,"column":21},"end":{"line":176,"column":64}},{"start":{"line":176,"column":68},"end":{"line":192,"column":26}}],"line":176},"13":{"loc":{"start":{"line":197,"column":21},"end":{"line":199,"column":26}},"type":"binary-expr","locations":[{"start":{"line":197,"column":21},"end":{"line":197,"column":50}},{"start":{"line":197,"column":54},"end":{"line":199,"column":26}}],"line":197}},"s":{"0":6,"1":6,"2":6,"3":6,"4":6,"5":6,"6":6,"7":6,"8":3,"9":3,"10":3,"11":3,"12":3,"13":3,"14":0,"15":0,"16":0,"17":3,"18":3,"19":3,"20":3,"21":0,"22":0,"23":0,"24":0,"25":0,"26":0,"27":0,"28":0,"29":0,"30":0,"31":0,"32":0,"33":0,"34":0,"35":0,"36":0,"37":0,"38":0,"39":0,"40":0,"41":0,"42":0,"43":0,"44":0,"45":0,"46":0,"47":0,"48":0,"49":0,"50":0,"51":0,"52":0,"53":0,"54":0,"55":0,"56":0,"57":0,"58":0,"59":0,"60":0,"61":0,"62":0,"63":0,"64":0,"65":0,"66":0,"67":0,"68":0,"69":18,"70":18,"71":0,"72":0,"73":18,"74":0,"75":0},"f":{"0":6,"1":3,"2":0,"3":0,"4":0,"5":0,"6":0,"7":0,"8":18,"9":0,"10":0,"11":0},"b":{"0":[3,0],"1":[3,0],"2":[0,3],"3":[3,0,3,0],"4":[3,0],"5":[3,0],"6":[0,0],"7":[0,0],"8":[0,0],"9":[0,0],"10":[0,18],"11":[18,9],"12":[18,0],"13":[18,0]},"_coverageSchema":"43e27e138ebf9cfc5966b082cf9a028302ed4184","hash":"342998436aa510c93ac9257eff167074beca4e85"}
,"/Users/ananya/Documents/Learnings/Coding/Eko_Delivery/my-app/src/util/directedGraph.js": {"path":"/Users/ananya/Documents/Learnings/Coding/Eko_Delivery/my-app/src/util/directedGraph.js","statementMap":{"0":{"start":{"line":1,"column":29},"end":{"line":1,"column":100}},"1":{"start":{"line":2,"column":26},"end":{"line":2,"column":86}},"2":{"start":{"line":2,"column":56},"end":{"line":2,"column":83}},"3":{"start":{"line":3,"column":14},"end":{"line":3,"column":75}},"4":{"start":{"line":3,"column":44},"end":{"line":3,"column":72}},"5":{"start":{"line":4,"column":15},"end":{"line":4,"column":17}},"6":{"start":{"line":6,"column":20},"end":{"line":6,"column":75}},"7":{"start":{"line":6,"column":52},"end":{"line":6,"column":74}},"8":{"start":{"line":8,"column":0},"end":{"line":17,"column":3}},"9":{"start":{"line":9,"column":4},"end":{"line":9,"column":28}},"10":{"start":{"line":10,"column":4},"end":{"line":16,"column":6}},"11":{"start":{"line":11,"column":8},"end":{"line":15,"column":9}},"12":{"start":{"line":12,"column":25},"end":{"line":12,"column":27}},"13":{"start":{"line":13,"column":12},"end":{"line":13,"column":77}},"14":{"start":{"line":14,"column":12},"end":{"line":14,"column":44}},"15":{"start":{"line":19,"column":26},"end":{"line":34,"column":1}},"16":{"start":{"line":20,"column":23},"end":{"line":20,"column":25}},"17":{"start":{"line":21,"column":4},"end":{"line":32,"column":6}},"18":{"start":{"line":22,"column":22},"end":{"line":22,"column":30}},"19":{"start":{"line":23,"column":23},"end":{"line":23,"column":25}},"20":{"start":{"line":24,"column":8},"end":{"line":29,"column":9}},"21":{"start":{"line":24,"column":21},"end":{"line":24,"column":22}},"22":{"start":{"line":26,"column":12},"end":{"line":28,"column":14}},"23":{"start":{"line":27,"column":16},"end":{"line":27,"column":47}},"24":{"start":{"line":30,"column":8},"end":{"line":30,"column":37}},"25":{"start":{"line":31,"column":8},"end":{"line":31,"column":28}},"26":{"start":{"line":33,"column":4},"end":{"line":33,"column":24}},"27":{"start":{"line":37,"column":27},"end":{"line":37,"column":54}}},"fnMap":{"0":{"name":"(anonymous_0)","decl":{"start":{"line":2,"column":44},"end":{"line":2,"column":45}},"loc":{"start":{"line":2,"column":54},"end":{"line":2,"column":85}},"line":2},"1":{"name":"(anonymous_1)","decl":{"start":{"line":3,"column":32},"end":{"line":3,"column":33}},"loc":{"start":{"line":3,"column":42},"end":{"line":3,"column":74}},"line":3},"2":{"name":"(anonymous_2)","decl":{"start":{"line":6,"column":35},"end":{"line":6,"column":36}},"loc":{"start":{"line":6,"column":52},"end":{"line":6,"column":74}},"line":6},"3":{"name":"(anonymous_3)","decl":{"start":{"line":8,"column":22},"end":{"line":8,"column":23}},"loc":{"start":{"line":8,"column":36},"end":{"line":17,"column":1}},"line":8},"4":{"name":"(anonymous_4)","decl":{"start":{"line":10,"column":26},"end":{"line":10,"column":27}},"loc":{"start":{"line":10,"column":37},"end":{"line":16,"column":5}},"line":10},"5":{"name":"(anonymous_5)","decl":{"start":{"line":19,"column":26},"end":{"line":19,"column":27}},"loc":{"start":{"line":19,"column":35},"end":{"line":34,"column":1}},"line":19},"6":{"name":"(anonymous_6)","decl":{"start":{"line":21,"column":25},"end":{"line":21,"column":26}},"loc":{"start":{"line":21,"column":34},"end":{"line":32,"column":5}},"line":21},"7":{"name":"(anonymous_7)","decl":{"start":{"line":26,"column":40},"end":{"line":26,"column":41}},"loc":{"start":{"line":26,"column":49},"end":{"line":28,"column":13}},"line":26}},"branchMap":{"0":{"loc":{"start":{"line":11,"column":8},"end":{"line":15,"column":9}},"type":"if","locations":[{"start":{"line":11,"column":8},"end":{"line":15,"column":9}},{"start":{"line":11,"column":8},"end":{"line":15,"column":9}}],"line":11}},"s":{"0":3,"1":3,"2":30,"3":3,"4":30,"5":3,"6":3,"7":30,"8":3,"9":18,"10":18,"11":180,"12":30,"13":30,"14":30,"15":3,"16":3,"17":3,"18":18,"19":18,"20":18,"21":18,"22":30,"23":30,"24":18,"25":18,"26":3,"27":3},"f":{"0":30,"1":30,"2":30,"3":18,"4":180,"5":3,"6":18,"7":30},"b":{"0":[30,150]},"_coverageSchema":"43e27e138ebf9cfc5966b082cf9a028302ed4184","hash":"381fda806b77c99526949f604d47bcac9090a4fc"}
,"/Users/ananya/Documents/Learnings/Coding/Eko_Delivery/my-app/src/util/possiblePath.js": {"path":"/Users/ananya/Documents/Learnings/Coding/Eko_Delivery/my-app/src/util/possiblePath.js","statementMap":{"0":{"start":{"line":2,"column":18},"end":{"line":2,"column":35}},"1":{"start":{"line":3,"column":4},"end":{"line":7,"column":5}},"2":{"start":{"line":5,"column":8},"end":{"line":5,"column":74}},"3":{"start":{"line":6,"column":8},"end":{"line":6,"column":47}},"4":{"start":{"line":9,"column":4},"end":{"line":12,"column":5}},"5":{"start":{"line":10,"column":8},"end":{"line":10,"column":57}},"6":{"start":{"line":11,"column":8},"end":{"line":11,"column":18}},"7":{"start":{"line":13,"column":26},"end":{"line":13,"column":63}},"8":{"start":{"line":14,"column":19},"end":{"line":14,"column":40}},"9":{"start":{"line":16,"column":4},"end":{"line":19,"column":5}},"10":{"start":{"line":17,"column":8},"end":{"line":17,"column":93}},"11":{"start":{"line":18,"column":8},"end":{"line":18,"column":18}},"12":{"start":{"line":21,"column":4},"end":{"line":21,"column":26}},"13":{"start":{"line":23,"column":4},"end":{"line":29,"column":44}},"14":{"start":{"line":24,"column":8},"end":{"line":26,"column":9}},"15":{"start":{"line":25,"column":12},"end":{"line":25,"column":22}},"16":{"start":{"line":27,"column":22},"end":{"line":27,"column":100}},"17":{"start":{"line":28,"column":8},"end":{"line":28,"column":21}},"18":{"start":{"line":29,"column":25},"end":{"line":29,"column":32}}},"fnMap":{"0":{"name":"getPossiblePaths","decl":{"start":{"line":1,"column":24},"end":{"line":1,"column":40}},"loc":{"start":{"line":1,"column":94},"end":{"line":30,"column":1}},"line":1},"1":{"name":"(anonymous_1)","decl":{"start":{"line":23,"column":34},"end":{"line":23,"column":35}},"loc":{"start":{"line":23,"column":44},"end":{"line":29,"column":5}},"line":23},"2":{"name":"(anonymous_2)","decl":{"start":{"line":29,"column":14},"end":{"line":29,"column":15}},"loc":{"start":{"line":29,"column":25},"end":{"line":29,"column":32}},"line":29}},"branchMap":{"0":{"loc":{"start":{"line":1,"column":65},"end":{"line":1,"column":82}},"type":"default-arg","locations":[{"start":{"line":1,"column":80},"end":{"line":1,"column":82}}],"line":1},"1":{"loc":{"start":{"line":1,"column":84},"end":{"line":1,"column":92}},"type":"default-arg","locations":[{"start":{"line":1,"column":91},"end":{"line":1,"column":92}}],"line":1},"2":{"loc":{"start":{"line":3,"column":4},"end":{"line":7,"column":5}},"type":"if","locations":[{"start":{"line":3,"column":4},"end":{"line":7,"column":5}},{"start":{"line":3,"column":4},"end":{"line":7,"column":5}}],"line":3},"3":{"loc":{"start":{"line":3,"column":8},"end":{"line":3,"column":37}},"type":"binary-expr","locations":[{"start":{"line":3,"column":8},"end":{"line":3,"column":20}},{"start":{"line":3,"column":24},"end":{"line":3,"column":37}}],"line":3},"4":{"loc":{"start":{"line":9,"column":4},"end":{"line":12,"column":5}},"type":"if","locations":[{"start":{"line":9,"column":4},"end":{"line":12,"column":5}},{"start":{"line":9,"column":4},"end":{"line":12,"column":5}}],"line":9},"5":{"loc":{"start":{"line":16,"column":4},"end":{"line":19,"column":5}},"type":"if","locations":[{"start":{"line":16,"column":4},"end":{"line":19,"column":5}},{"start":{"line":16,"column":4},"end":{"line":19,"column":5}}],"line":16},"6":{"loc":{"start":{"line":24,"column":8},"end":{"line":26,"column":9}},"type":"if","locations":[{"start":{"line":24,"column":8},"end":{"line":26,"column":9}},{"start":{"line":24,"column":8},"end":{"line":26,"column":9}}],"line":24}},"s":{"0":0,"1":0,"2":0,"3":0,"4":0,"5":0,"6":0,"7":0,"8":0,"9":0,"10":0,"11":0,"12":0,"13":0,"14":0,"15":0,"16":0,"17":0,"18":0},"f":{"0":0,"1":0,"2":0},"b":{"0":[0],"1":[0],"2":[0,0],"3":[0,0],"4":[0,0],"5":[0,0],"6":[0,0]},"_coverageSchema":"43e27e138ebf9cfc5966b082cf9a028302ed4184","hash":"ccc49ac6598abe4db06a5486d26c4520c212f030"}
}
