TN:
SF:/Users/ananya/Documents/Learnings/Coding/Eko_Delivery/my-app/src/App.js
FN:7,App
FNF:1
FNH:1
FNDA:1,App
DA:9,1
LF:1
LH:1
BRF:0
BRH:0
end_of_record
TN:
SF:/Users/ananya/Documents/Learnings/Coding/Eko_Delivery/my-app/src/index.js
FNF:0
FNH:0
DA:8,0
DA:13,0
LF:2
LH:0
BRF:0
BRH:0
end_of_record
TN:
SF:/Users/ananya/Documents/Learnings/Coding/Eko_Delivery/my-app/src/components/DeliveryCost/DeliveryCost.js
FN:10,(anonymous_0)
FN:22,(anonymous_1)
FN:25,(anonymous_2)
FN:35,(anonymous_3)
FN:67,(anonymous_4)
FN:74,(anonymous_5)
FNF:6
FNH:5
FNDA:4,(anonymous_0)
FNDA:4,(anonymous_1)
FNDA:40,(anonymous_2)
FNDA:2,(anonymous_3)
FNDA:16,(anonymous_4)
FNDA:0,(anonymous_5)
DA:11,4
DA:12,4
DA:19,4
DA:23,4
DA:25,4
DA:26,40
DA:27,40
DA:28,40
DA:29,40
DA:31,4
DA:32,4
DA:36,2
DA:37,2
DA:38,2
DA:39,2
DA:41,2
DA:42,0
DA:43,0
DA:44,0
DA:45,0
DA:46,0
DA:47,0
DA:48,0
DA:49,0
DA:50,0
DA:52,0
DA:54,2
DA:55,0
DA:56,0
DA:57,0
DA:59,2
DA:60,2
DA:64,2
DA:68,16
DA:74,0
LF:35
LH:21
BRDA:39,0,0,2
BRDA:39,0,1,0
BRDA:41,1,0,0
BRDA:41,1,1,2
BRDA:41,2,0,2
BRDA:41,2,1,0
BRDA:49,3,0,0
BRDA:49,3,1,0
BRDA:54,4,0,0
BRDA:54,4,1,2
BRDA:54,5,0,2
BRDA:54,5,1,0
BRDA:77,6,0,16
BRDA:77,6,1,4
BRDA:90,7,0,16
BRDA:90,7,1,0
BRF:16
BRH:8
end_of_record
TN:
SF:/Users/ananya/Documents/Learnings/Coding/Eko_Delivery/my-app/src/components/Lobby/Lobby.js
FN:8,(anonymous_0)
FN:18,(anonymous_1)
FN:28,(anonymous_2)
FNF:3
FNH:0
FNDA:0,(anonymous_0)
FNDA:0,(anonymous_1)
FNDA:0,(anonymous_2)
DA:9,0
DA:10,0
DA:15,0
DA:19,0
DA:20,0
DA:21,0
DA:22,0
DA:23,0
DA:24,0
DA:29,0
LF:10
LH:0
BRDA:19,0,0,0
BRDA:19,0,1,0
BRDA:22,1,0,0
BRDA:22,1,1,0
BRDA:59,2,0,0
BRDA:59,2,1,0
BRDA:60,3,0,0
BRDA:60,3,1,0
BRF:8
BRH:0
end_of_record
TN:
SF:/Users/ananya/Documents/Learnings/Coding/Eko_Delivery/my-app/src/components/PossibleRoutes/PossibleRoutes.js
FN:11,(anonymous_0)
FN:31,(anonymous_1)
FN:56,(anonymous_2)
FN:81,(anonymous_3)
FN:83,(anonymous_4)
FN:99,(anonymous_5)
FN:110,(anonymous_6)
FN:115,(anonymous_7)
FN:129,(anonymous_8)
FN:132,(anonymous_9)
FN:144,(anonymous_10)
FN:151,(anonymous_11)
FNF:12
FNH:3
FNDA:6,(anonymous_0)
FNDA:3,(anonymous_1)
FNDA:0,(anonymous_2)
FNDA:0,(anonymous_3)
FNDA:0,(anonymous_4)
FNDA:0,(anonymous_5)
FNDA:0,(anonymous_6)
FNDA:0,(anonymous_7)
FNDA:18,(anonymous_8)
FNDA:0,(anonymous_9)
FNDA:0,(anonymous_10)
FNDA:0,(anonymous_11)
DA:12,6
DA:13,6
DA:22,6
DA:23,6
DA:24,6
DA:25,6
DA:26,6
DA:27,6
DA:32,3
DA:34,3
DA:35,3
DA:36,3
DA:37,3
DA:39,3
DA:40,0
DA:41,0
DA:42,0
DA:43,3
DA:44,3
DA:45,3
DA:46,3
DA:48,0
DA:49,0
DA:50,0
DA:51,0
DA:52,0
DA:53,0
DA:54,0
DA:56,0
DA:57,0
DA:58,0
DA:59,0
DA:60,0
DA:61,0
DA:62,0
DA:64,0
DA:65,0
DA:66,0
DA:68,0
DA:70,0
DA:72,0
DA:73,0
DA:74,0
DA:82,0
DA:83,0
DA:85,0
DA:86,0
DA:87,0
DA:88,0
DA:90,0
DA:91,0
DA:92,0
DA:95,0
DA:96,0
DA:99,0
DA:100,0
DA:103,0
DA:104,0
DA:111,0
DA:116,0
DA:117,0
DA:118,0
DA:119,0
DA:120,0
DA:123,0
DA:124,0
DA:126,0
DA:130,18
DA:131,18
DA:132,0
DA:133,0
DA:138,18
DA:144,0
DA:151,0
LF:74
LH:21
BRDA:34,0,0,3
BRDA:34,0,1,0
BRDA:35,1,0,3
BRDA:35,1,1,0
BRDA:39,2,0,0
BRDA:39,2,1,3
BRDA:39,3,0,3
BRDA:39,3,1,0
BRDA:39,3,2,3
BRDA:39,3,3,0
BRDA:43,4,0,3
BRDA:43,4,1,0
BRDA:43,5,0,3
BRDA:43,5,1,0
BRDA:49,6,0,0
BRDA:49,6,1,0
BRDA:59,7,0,0
BRDA:59,7,1,0
BRDA:59,8,0,0
BRDA:59,8,1,0
BRDA:119,9,0,0
BRDA:119,9,1,0
BRDA:131,10,0,0
BRDA:131,10,1,18
BRDA:156,11,0,18
BRDA:156,11,1,9
BRDA:176,12,0,18
BRDA:176,12,1,0
BRDA:197,13,0,18
BRDA:197,13,1,0
BRF:30
BRH:12
end_of_record
TN:
SF:/Users/ananya/Documents/Learnings/Coding/Eko_Delivery/my-app/src/util/directedGraph.js
FN:2,(anonymous_0)
FN:3,(anonymous_1)
FN:6,(anonymous_2)
FN:8,(anonymous_3)
FN:10,(anonymous_4)
FN:19,(anonymous_5)
FN:21,(anonymous_6)
FN:26,(anonymous_7)
FNF:8
FNH:8
FNDA:30,(anonymous_0)
FNDA:30,(anonymous_1)
FNDA:30,(anonymous_2)
FNDA:18,(anonymous_3)
FNDA:180,(anonymous_4)
FNDA:3,(anonymous_5)
FNDA:18,(anonymous_6)
FNDA:30,(anonymous_7)
DA:1,3
DA:2,30
DA:3,30
DA:4,3
DA:6,30
DA:8,3
DA:9,18
DA:10,18
DA:11,180
DA:12,30
DA:13,30
DA:14,30
DA:19,3
DA:20,3
DA:21,3
DA:22,18
DA:23,18
DA:24,18
DA:26,30
DA:27,30
DA:30,18
DA:31,18
DA:33,3
DA:37,3
LF:24
LH:24
BRDA:11,0,0,30
BRDA:11,0,1,150
BRF:2
BRH:2
end_of_record
TN:
SF:/Users/ananya/Documents/Learnings/Coding/Eko_Delivery/my-app/src/util/possiblePath.js
FN:1,getPossiblePaths
FN:23,(anonymous_1)
FN:29,(anonymous_2)
FNF:3
FNH:0
FNDA:0,getPossiblePaths
FNDA:0,(anonymous_1)
FNDA:0,(anonymous_2)
DA:2,0
DA:3,0
DA:5,0
DA:6,0
DA:9,0
DA:10,0
DA:11,0
DA:13,0
DA:14,0
DA:16,0
DA:17,0
DA:18,0
DA:21,0
DA:23,0
DA:24,0
DA:25,0
DA:27,0
DA:28,0
DA:29,0
LF:19
LH:0
BRDA:1,0,0,0
BRDA:1,1,0,0
BRDA:3,2,0,0
BRDA:3,2,1,0
BRDA:3,3,0,0
BRDA:3,3,1,0
BRDA:9,4,0,0
BRDA:9,4,1,0
BRDA:16,5,0,0
BRDA:16,5,1,0
BRDA:24,6,0,0
BRDA:24,6,1,0
BRF:12
BRH:0
end_of_record
